# JRE version: OpenJDK Runtime Environment Temurin-17.0.7+7 (17.0.7+7) (build 17.0.7+7)
# Java VM: OpenJDK 64-Bit Server VM Temurin-17.0.7+7 (17.0.7+7, mixed mode, sharing, tiered, compressed oops, compressed class ptrs, g1 gc, windows-amd64)
GC Precious Log:
 CPUs: 8 total, 8 available
 Memory: 8003M
 Large Page Support: Disabled
 NUMA Support: Disabled
 Compressed Oops: Enabled (Zero based)
 Heap Region Size: 2M
 Heap Min Capacity: 512M
 Heap Initial Capacity: 512M
 Heap Max Capacity: 4072M
 Pre-touch: Disabled
 Parallel Workers: 8
 Concurrent Workers: 2
 Concurrent Refinement Workers: 8
 Periodic GC: Disabled
 String Deduplication is enabled
Heap:
 garbage-first heap   total 524288K, used 181910K [0x0000000701800000, 0x0000000800000000)
  region size 2048K, 31 young (63488K), 3 survivors (6144K)
 Metaspace       used 99243K, committed 99968K, reserved 1179648K
  class space    used 14085K, committed 14464K, reserved 1048576K
GC Heap History (20 events):
Event: 3307.777 GC heap before
{Heap before GC invocations=238 (full 14):
 garbage-first heap   total 524288K, used 202031K [0x0000000701800000, 0x0000000800000000)
  region size 2048K, 40 young (81920K), 3 survivors (6144K)
 Metaspace       used 99202K, committed 99968K, reserved 1179648K
  class space    used 14085K, committed 14464K, reserved 1048576K
}
Event: 3307.781 GC heap after
{Heap after GC invocations=239 (full 14):
 garbage-first heap   total 524288K, used 127168K [0x0000000701800000, 0x0000000800000000)
  region size 2048K, 4 young (8192K), 4 survivors (8192K)
 Metaspace       used 99202K, committed 99968K, reserved 1179648K
  class space    used 14085K, committed 14464K, reserved 1048576K
}
Event: 3308.548 GC heap before
{Heap before GC invocations=239 (full 14):
 garbage-first heap   total 524288K, used 200896K [0x0000000701800000, 0x0000000800000000)
  region size 2048K, 40 young (81920K), 4 survivors (8192K)
 Metaspace       used 99202K, committed 99968K, reserved 1179648K
  class space    used 14085K, committed 14464K, reserved 1048576K
}
Event: 3308.552 GC heap after
{Heap after GC invocations=240 (full 14):
 garbage-first heap   total 524288K, used 126440K [0x0000000701800000, 0x0000000800000000)
  region size 2048K, 2 young (4096K), 2 survivors (4096K)
 Metaspace       used 99202K, committed 99968K, reserved 1179648K
  class space    used 14085K, committed 14464K, reserved 1048576K
}
Event: 3309.278 GC heap before
{Heap before GC invocations=240 (full 14):
 garbage-first heap   total 524288K, used 204264K [0x0000000701800000, 0x0000000800000000)
  region size 2048K, 40 young (81920K), 2 survivors (4096K)
 Metaspace       used 99202K, committed 99968K, reserved 1179648K
  class space    used 14085K, committed 14464K, reserved 1048576K
}
Event: 3309.281 GC heap after
{Heap after GC invocations=241 (full 14):
 garbage-first heap   total 524288K, used 126016K [0x0000000701800000, 0x0000000800000000)
  region size 2048K, 2 young (4096K), 2 survivors (4096K)
 Metaspace       used 99202K, committed 99968K, reserved 1179648K
  class space    used 14085K, committed 14464K, reserved 1048576K
}
Event: 3314.550 GC heap before
{Heap before GC invocations=241 (full 14):
 garbage-first heap   total 524288K, used 203840K [0x0000000701800000, 0x0000000800000000)
  region size 2048K, 40 young (81920K), 2 survivors (4096K)
 Metaspace       used 99210K, committed 99968K, reserved 1179648K
  class space    used 14085K, committed 14464K, reserved 1048576K
}
Event: 3314.554 GC heap after
{Heap after GC invocations=242 (full 14):
 garbage-first heap   total 524288K, used 126853K [0x0000000701800000, 0x0000000800000000)
  region size 2048K, 3 young (6144K), 3 survivors (6144K)
 Metaspace       used 99210K, committed 99968K, reserved 1179648K
  class space    used 14085K, committed 14464K, reserved 1048576K
}
Event: 3370.756 GC heap before
{Heap before GC invocations=242 (full 14):
 garbage-first heap   total 524288K, used 202629K [0x0000000701800000, 0x0000000800000000)
  region size 2048K, 40 young (81920K), 3 survivors (6144K)
 Metaspace       used 99211K, committed 99968K, reserved 1179648K
  class space    used 14085K, committed 14464K, reserved 1048576K
}
Event: 3370.760 GC heap after
{Heap after GC invocations=243 (full 14):
 garbage-first heap   total 524288K, used 126571K [0x0000000701800000, 0x0000000800000000)
  region size 2048K, 3 young (6144K), 3 survivors (6144K)
 Metaspace       used 99211K, committed 99968K, reserved 1179648K
  class space    used 14085K, committed 14464K, reserved 1048576K
}
Event: 3379.830 GC heap before
{Heap before GC invocations=243 (full 14):
 garbage-first heap   total 524288K, used 202347K [0x0000000701800000, 0x0000000800000000)
  region size 2048K, 40 young (81920K), 3 survivors (6144K)
 Metaspace       used 99215K, committed 99968K, reserved 1179648K
  class space    used 14085K, committed 14464K, reserved 1048576K
}
Event: 3379.833 GC heap after
{Heap after GC invocations=244 (full 14):
 garbage-first heap   total 524288K, used 126803K [0x0000000701800000, 0x0000000800000000)
  region size 2048K, 3 young (6144K), 3 survivors (6144K)
 Metaspace       used 99215K, committed 99968K, reserved 1179648K
  class space    used 14085K, committed 14464K, reserved 1048576K
}
Event: 3381.831 GC heap before
{Heap before GC invocations=244 (full 14):
 garbage-first heap   total 524288K, used 202579K [0x0000000701800000, 0x0000000800000000)
  region size 2048K, 40 young (81920K), 3 survivors (6144K)
 Metaspace       used 99215K, committed 99968K, reserved 1179648K
  class space    used 14085K, committed 14464K, reserved 1048576K
}
Event: 3381.835 GC heap after
{Heap after GC invocations=245 (full 14):
 garbage-first heap   total 524288K, used 127128K [0x0000000701800000, 0x0000000800000000)
  region size 2048K, 3 young (6144K), 3 survivors (6144K)
 Metaspace       used 99215K, committed 99968K, reserved 1179648K
  class space    used 14085K, committed 14464K, reserved 1048576K
}
Event: 3383.841 GC heap before
{Heap before GC invocations=245 (full 14):
 garbage-first heap   total 524288K, used 202904K [0x0000000701800000, 0x0000000800000000)
  region size 2048K, 40 young (81920K), 3 survivors (6144K)
 Metaspace       used 99226K, committed 99968K, reserved 1179648K
  class space    used 14085K, committed 14464K, reserved 1048576K
}
Event: 3383.845 GC heap after
{Heap after GC invocations=246 (full 14):
 garbage-first heap   total 524288K, used 127802K [0x0000000701800000, 0x0000000800000000)
  region size 2048K, 3 young (6144K), 3 survivors (6144K)
 Metaspace       used 99226K, committed 99968K, reserved 1179648K
  class space    used 14085K, committed 14464K, reserved 1048576K
}
Event: 3385.755 GC heap before
{Heap before GC invocations=246 (full 14):
 garbage-first heap   total 524288K, used 203578K [0x0000000701800000, 0x0000000800000000)
  region size 2048K, 40 young (81920K), 3 survivors (6144K)
 Metaspace       used 99226K, committed 99968K, reserved 1179648K
  class space    used 14085K, committed 14464K, reserved 1048576K
}
Event: 3385.759 GC heap after
{Heap after GC invocations=247 (full 14):
 garbage-first heap   total 524288K, used 126895K [0x0000000701800000, 0x0000000800000000)
  region size 2048K, 3 young (6144K), 3 survivors (6144K)
 Metaspace       used 99226K, committed 99968K, reserved 1179648K
  class space    used 14085K, committed 14464K, reserved 1048576K
}
Event: 3393.398 GC heap before
{Heap before GC invocations=247 (full 14):
 garbage-first heap   total 524288K, used 202671K [0x0000000701800000, 0x0000000800000000)
  region size 2048K, 41 young (83968K), 3 survivors (6144K)
 Metaspace       used 99227K, committed 99968K, reserved 1179648K
  class space    used 14085K, committed 14464K, reserved 1048576K
}
Event: 3393.402 GC heap after
{Heap after GC invocations=248 (full 14):
 garbage-first heap   total 524288K, used 126614K [0x0000000701800000, 0x0000000800000000)
  region size 2048K, 3 young (6144K), 3 survivors (6144K)
 Metaspace       used 99227K, committed 99968K, reserved 1179648K
  class space    used 14085K, committed 14464K, reserved 1048576K
}

